Using pre-set license
Built from '2020.3/staging' branch; Version is '2020.3.29f1 (2ff179115da0) revision 3142009'; Using compiler version '192528614'; Build Type 'Release'
OS: 'Windows 11  (10.0.22000) 64bit CoreSingleLanguage' Language: 'es' Physical Memory: 15741 MB
BatchMode: 1, IsHumanControllingUs: 0, StartBugReporterOnCrash: 0, Is64bit: 1, IsPro: 0

COMMAND LINE ARGUMENTS:
C:\Program Files\Unity\Hub\Editor\2020.3.29f1\Editor\Unity.exe
-adb2
-batchMode
-noUpm
-name
AssetImportWorker0
-projectPath
C:/Users/Brunne/Documents/Costum-light-main/Costum-light-main
-logFile
Logs/AssetImportWorker0.log
-srvPort
53163
Successfully changed project path to: C:/Users/Brunne/Documents/Costum-light-main/Costum-light-main
C:/Users/Brunne/Documents/Costum-light-main/Costum-light-main
Using Asset Import Pipeline V2.
Refreshing native plugins compatible for Editor in 53.68 ms, found 2 plugins.
Preloading 0 native plugins for Editor in 0.00 ms.
Initialize engine version: 2020.3.29f1 (2ff179115da0)
[Subsystems] Discovering subsystems at path C:/Program Files/Unity/Hub/Editor/2020.3.29f1/Editor/Data/Resources/UnitySubsystems
[Subsystems] Discovering subsystems at path C:/Users/Brunne/Documents/Costum-light-main/Costum-light-main/Assets
GfxDevice: creating device client; threaded=0
Direct3D:
    Version:  Direct3D 11.0 [level 11.1]
    Renderer: NVIDIA GeForce GTX 1650 (ID=0x1f99)
    Vendor:   
    VRAM:     3962 MB
    Driver:   30.0.15.1165
Initialize mono
Mono path[0] = 'C:/Program Files/Unity/Hub/Editor/2020.3.29f1/Editor/Data/Managed'
Mono path[1] = 'C:/Program Files/Unity/Hub/Editor/2020.3.29f1/Editor/Data/MonoBleedingEdge/lib/mono/unityjit'
Mono config path = 'C:/Program Files/Unity/Hub/Editor/2020.3.29f1/Editor/Data/MonoBleedingEdge/etc'
Using monoOptions --debugger-agent=transport=dt_socket,embedding=1,server=y,suspend=n,address=127.0.0.1:56056
Begin MonoManager ReloadAssembly
Registering precompiled unity dll's ...
Register platform support module: C:/Program Files/Unity/Hub/Editor/2020.3.29f1/Editor/Data/PlaybackEngines/WebGLSupport/UnityEditor.WebGL.Extensions.dll
Register platform support module: C:/Program Files/Unity/Hub/Editor/2020.3.29f1/Editor/Data/PlaybackEngines/WindowsStandaloneSupport/UnityEditor.WindowsStandalone.Extensions.dll
Registered in 0.001531 seconds.
Native extension for WindowsStandalone target not found
Native extension for WebGL target not found
Refreshing native plugins compatible for Editor in 54.97 ms, found 2 plugins.
Preloading 0 native plugins for Editor in 0.00 ms.
Mono: successfully reloaded assembly
- Completed reload, in  0.584 seconds
Domain Reload Profiling:
	ReloadAssembly (584ms)
		BeginReloadAssembly (55ms)
			ExecutionOrderSort (0ms)
			DisableScriptedObjects (0ms)
			BackupInstance (0ms)
			ReleaseScriptingObjects (0ms)
			CreateAndSetChildDomain (1ms)
		EndReloadAssembly (456ms)
			LoadAssemblies (54ms)
			RebuildTransferFunctionScriptingTraits (0ms)
			SetupTypeCache (148ms)
			ReleaseScriptCaches (0ms)
			RebuildScriptCaches (32ms)
			SetupLoadedEditorAssemblies (179ms)
				LogAssemblyErrors (0ms)
				InitializePlatformSupportModulesInManaged (6ms)
				SetLoadedEditorAssemblies (0ms)
				RefreshPlugins (55ms)
				BeforeProcessingInitializeOnLoad (9ms)
				ProcessInitializeOnLoadAttributes (83ms)
				ProcessInitializeOnLoadMethodAttributes (26ms)
				AfterProcessingInitializeOnLoad (0ms)
				EditorAssembliesLoaded (0ms)
			ExecutionOrderSort2 (0ms)
			AwakeInstancesAfterBackupRestoration (0ms)
Platform modules already initialized, skipping
Registering precompiled user dll's ...
Registered in 0.002838 seconds.
Begin MonoManager ReloadAssembly
Native extension for WindowsStandalone target not found
Native extension for WebGL target not found
Refreshing native plugins compatible for Editor in 67.54 ms, found 2 plugins.
Preloading 0 native plugins for Editor in 0.00 ms.
Mono: successfully reloaded assembly
- Completed reload, in  1.133 seconds
Domain Reload Profiling:
	ReloadAssembly (1134ms)
		BeginReloadAssembly (140ms)
			ExecutionOrderSort (0ms)
			DisableScriptedObjects (4ms)
			BackupInstance (0ms)
			ReleaseScriptingObjects (0ms)
			CreateAndSetChildDomain (19ms)
		EndReloadAssembly (932ms)
			LoadAssemblies (86ms)
			RebuildTransferFunctionScriptingTraits (0ms)
			SetupTypeCache (292ms)
			ReleaseScriptCaches (1ms)
			RebuildScriptCaches (58ms)
			SetupLoadedEditorAssemblies (347ms)
				LogAssemblyErrors (0ms)
				InitializePlatformSupportModulesInManaged (4ms)
				SetLoadedEditorAssemblies (0ms)
				RefreshPlugins (68ms)
				BeforeProcessingInitializeOnLoad (74ms)
				ProcessInitializeOnLoadAttributes (186ms)
				ProcessInitializeOnLoadMethodAttributes (8ms)
				AfterProcessingInitializeOnLoad (5ms)
				EditorAssembliesLoaded (0ms)
			ExecutionOrderSort2 (0ms)
			AwakeInstancesAfterBackupRestoration (6ms)
Platform modules already initialized, skipping
========================================================================
Worker process is ready to serve import requests
Launched and connected shader compiler UnityShaderCompiler.exe after 0.04 seconds
Refreshing native plugins compatible for Editor in 0.54 ms, found 2 plugins.
Preloading 0 native plugins for Editor in 0.00 ms.
Unloading 2809 Unused Serialized files (Serialized files now loaded: 0)
System memory in use before: 125.4 MB.
System memory in use after: 125.6 MB.

Unloading 17 unused Assets to reduce memory usage. Loaded Objects now: 3244.
Total: 4.395900 ms (FindLiveObjects: 0.241900 ms CreateObjectMapping: 0.082100 ms MarkObjects: 3.991800 ms  DeleteObjects: 0.079000 ms)

AssetImportParameters requested are different than current active one (requested -> active):
  custom:framework-win-MediaFoundation: 216162199b28c13a410421893ffa2e32 -> 
  custom:video-decoder-ogg-theora: a1e56fd34408186e4bbccfd4996cb3dc -> 
  custom:container-muxer-webm: aa71ff27fc2769a1b78a27578f13a17b -> 
  custom:container-demuxer-webm: 4f35f7cbe854078d1ac9338744f61a02 -> 
  custom:container-demuxer-ogg: 62fdf1f143b41e24485cea50d1cbac27 -> 
  custom:video-encoder-webm-vp8: eb34c28f22e8b96e1ab97ce403110664 -> 
  custom:video-decoder-webm-vp8: 9c59270c3fd7afecdb556c50c9e8de78 -> 
  custom:audio-decoder-ogg-vorbis: bf7c407c2cedff20999df2af8eb42d56 -> 
  custom:audio-encoder-webm-vorbis: bf7c407c2cedff20999df2af8eb42d56 -> 
========================================================================
Received Import Request.
  path: Assets/Shader/Light Color.shadersubgraph
  artifactKey: Guid(526a89008bc02754b91a198d62828d33) Importer(815301076,1909f56bfc062723c751e8b465ee728b)
Start importing Assets/Shader/Light Color.shadersubgraph using Guid(526a89008bc02754b91a198d62828d33) Importer(815301076,1909f56bfc062723c751e8b465ee728b)  -> (artifact id: '8fc1bf084df0e0ce39f9cd6d78fcfd41') in 0.032948 seconds 
  Import took 0.037537 seconds .

========================================================================
Received Import Request.
  Time since last request: 0.000379 seconds.
  path: Assets/Shader/Dabs.shadersubgraph
  artifactKey: Guid(a86f5a33d7147e74797c431e42622c36) Importer(815301076,1909f56bfc062723c751e8b465ee728b)
Start importing Assets/Shader/Dabs.shadersubgraph using Guid(a86f5a33d7147e74797c431e42622c36) Importer(815301076,1909f56bfc062723c751e8b465ee728b)  -> (artifact id: 'c67ee040fdac9e5db6255bf1f6b81ee4') in 0.006246 seconds 
  Import took 0.010351 seconds .

========================================================================
Received Import Request.
  Time since last request: 0.000245 seconds.
  path: Assets/Shader/BackLight.shadersubgraph
  artifactKey: Guid(5d4601f6c46eb1849af9742e236497ef) Importer(815301076,1909f56bfc062723c751e8b465ee728b)
Start importing Assets/Shader/BackLight.shadersubgraph using Guid(5d4601f6c46eb1849af9742e236497ef) Importer(815301076,1909f56bfc062723c751e8b465ee728b)  -> (artifact id: '21d106c9375b3d7c8d9d488323a228e4') in 0.006746 seconds 
  Import took 0.010639 seconds .

========================================================================
Received Import Request.
  Time since last request: 0.000314 seconds.
  path: Assets/Shader/Lambert.shadersubgraph
  artifactKey: Guid(d6ad1b11fa3a7a44fa6a0a1af62f2ac4) Importer(815301076,1909f56bfc062723c751e8b465ee728b)
Start importing Assets/Shader/Lambert.shadersubgraph using Guid(d6ad1b11fa3a7a44fa6a0a1af62f2ac4) Importer(815301076,1909f56bfc062723c751e8b465ee728b)  -> (artifact id: 'd402da4d42271b56d98ede0a70622913') in 0.005984 seconds 
  Import took 0.010171 seconds .

========================================================================
Received Import Request.
  Time since last request: 0.000282 seconds.
  path: Assets/Shader/MainLight.shadersubgraph
  artifactKey: Guid(356d3428d11d0b54f91ab202e0d3e910) Importer(815301076,1909f56bfc062723c751e8b465ee728b)
Start importing Assets/Shader/MainLight.shadersubgraph using Guid(356d3428d11d0b54f91ab202e0d3e910) Importer(815301076,1909f56bfc062723c751e8b465ee728b)  -> (artifact id: '471fc497e48b1df8e12fb927fb4f6e11') in 0.005647 seconds 
  Import took 0.010199 seconds .

========================================================================
Received Import Request.
  Time since last request: 0.000211 seconds.
  path: Assets/Shader/Ramp.shadersubgraph
  artifactKey: Guid(6dacc8da3191d914eb4939a982d8b278) Importer(815301076,1909f56bfc062723c751e8b465ee728b)
Start importing Assets/Shader/Ramp.shadersubgraph using Guid(6dacc8da3191d914eb4939a982d8b278) Importer(815301076,1909f56bfc062723c751e8b465ee728b)  -> (artifact id: '72a25eeedd38f316704e01d563584136') in 0.005683 seconds 
  Import took 0.009914 seconds .

========================================================================
Received Import Request.
  Time since last request: 0.000395 seconds.
  path: Assets/Shader/Toon.mat
  artifactKey: Guid(b092ce98c16244a40b247d9805f69d0d) Importer(815301076,1909f56bfc062723c751e8b465ee728b)
Start importing Assets/Shader/Toon.mat using Guid(b092ce98c16244a40b247d9805f69d0d) Importer(815301076,1909f56bfc062723c751e8b465ee728b)  -> (artifact id: 'aeac1d5ef4a66cd6a4b60b7024ed6d76') in 0.724040 seconds 
  Import took 0.728642 seconds .

========================================================================
Received Import Request.
  Time since last request: 0.000356 seconds.
  path: Assets/Shader/DirectSpecular.shadersubgraph
  artifactKey: Guid(c2cf5522ffdb5124e82c125f4fe67f85) Importer(815301076,1909f56bfc062723c751e8b465ee728b)
Start importing Assets/Shader/DirectSpecular.shadersubgraph using Guid(c2cf5522ffdb5124e82c125f4fe67f85) Importer(815301076,1909f56bfc062723c751e8b465ee728b)  -> (artifact id: 'c660ab5b4b87f9c1a92f3a81fd8621b0') in 0.006060 seconds 
  Import took 0.010141 seconds .

========================================================================
Received Import Request.
  Time since last request: 0.000279 seconds.
  path: Assets/Shader/SlideLight.shadersubgraph
  artifactKey: Guid(1738fcfae7e0e3a4ca261fb63847235b) Importer(815301076,1909f56bfc062723c751e8b465ee728b)
Start importing Assets/Shader/SlideLight.shadersubgraph using Guid(1738fcfae7e0e3a4ca261fb63847235b) Importer(815301076,1909f56bfc062723c751e8b465ee728b)  -> (artifact id: '92e3bbda53d6e7244017488da32706f4') in 0.006264 seconds 
  Import took 0.010797 seconds .

========================================================================
Received Import Request.
  Time since last request: 82.187755 seconds.
  path: Assets/Shader/BackLight.shadersubgraph
  artifactKey: Guid(5d4601f6c46eb1849af9742e236497ef) Importer(815301076,1909f56bfc062723c751e8b465ee728b)
Start importing Assets/Shader/BackLight.shadersubgraph using Guid(5d4601f6c46eb1849af9742e236497ef) Importer(815301076,1909f56bfc062723c751e8b465ee728b)  -> (artifact id: '4af394487989acc7f745eccda797824f') in 0.003459 seconds 
  Import took 0.009306 seconds .

========================================================================
Received Import Request.
  Time since last request: 41.136161 seconds.
  path: Assets/Materials/Belt.mat
  artifactKey: Guid(d42072b4fa8b42e49899d5e46fef6173) Importer(815301076,1909f56bfc062723c751e8b465ee728b)
Start importing Assets/Materials/Belt.mat using Guid(d42072b4fa8b42e49899d5e46fef6173) Importer(815301076,1909f56bfc062723c751e8b465ee728b)  -> (artifact id: 'ab941f163c7b8fc23e3a9edd8509ce7b') in 0.535275 seconds 
  Import took 0.541862 seconds .

========================================================================
Received Import Request.
  Time since last request: 0.000354 seconds.
  path: Assets/Materials/Sheikah.mat
  artifactKey: Guid(3edf2d8ab9fdeb249af8e172c6c59b94) Importer(815301076,1909f56bfc062723c751e8b465ee728b)
Start importing Assets/Materials/Sheikah.mat using Guid(3edf2d8ab9fdeb249af8e172c6c59b94) Importer(815301076,1909f56bfc062723c751e8b465ee728b)  -> (artifact id: '132de3b4f364904be338c093efed231d') in 0.033778 seconds 
  Import took 0.039600 seconds .

========================================================================
Received Import Request.
  Time since last request: 0.000415 seconds.
  path: Assets/Materials/Legs.mat
  artifactKey: Guid(321f811093a3b8341b3b2a91479140c9) Importer(815301076,1909f56bfc062723c751e8b465ee728b)
Start importing Assets/Materials/Legs.mat using Guid(321f811093a3b8341b3b2a91479140c9) Importer(815301076,1909f56bfc062723c751e8b465ee728b)  -> (artifact id: '228fe2f8f8ee0b185c8f24c1fec3b902') in 0.031175 seconds 
  Import took 0.037151 seconds .

========================================================================
Received Import Request.
  Time since last request: 0.000345 seconds.
  path: Assets/Materials/Hair.mat
  artifactKey: Guid(d7d2dab8bf4683841a25159641e8ba64) Importer(815301076,1909f56bfc062723c751e8b465ee728b)
Start importing Assets/Materials/Hair.mat using Guid(d7d2dab8bf4683841a25159641e8ba64) Importer(815301076,1909f56bfc062723c751e8b465ee728b)  -> (artifact id: '8484a4a6c5888fe7a3e1d5767f2b2cb4') in 0.031574 seconds 
  Import took 0.038093 seconds .

========================================================================
Received Import Request.
  Time since last request: 0.000345 seconds.
  path: Assets/Materials/Sword.mat
  artifactKey: Guid(5b3681130af30ea489824e12649a7c14) Importer(815301076,1909f56bfc062723c751e8b465ee728b)
Start importing Assets/Materials/Sword.mat using Guid(5b3681130af30ea489824e12649a7c14) Importer(815301076,1909f56bfc062723c751e8b465ee728b)  -> (artifact id: '471c22c24841d598dce925a4238bbb3f') in 0.034236 seconds 
  Import took 0.041355 seconds .

========================================================================
Received Import Request.
  Time since last request: 0.000322 seconds.
  path: Assets/Materials/Skybox_Mat.mat
  artifactKey: Guid(0ffaa0b7117ba8c47a9d05ae701d4b4d) Importer(815301076,1909f56bfc062723c751e8b465ee728b)
Start importing Assets/Materials/Skybox_Mat.mat using Guid(0ffaa0b7117ba8c47a9d05ae701d4b4d) Importer(815301076,1909f56bfc062723c751e8b465ee728b)  -> (artifact id: '4d54ab3375f41efad00566dcae11def2') in 0.143264 seconds 
  Import took 0.149064 seconds .

========================================================================
Received Import Request.
  Time since last request: 0.000335 seconds.
  path: Assets/Materials/Sheath.mat
  artifactKey: Guid(98e71f0f62d146740981a4ae6e2d355b) Importer(815301076,1909f56bfc062723c751e8b465ee728b)
Start importing Assets/Materials/Sheath.mat using Guid(98e71f0f62d146740981a4ae6e2d355b) Importer(815301076,1909f56bfc062723c751e8b465ee728b)  -> (artifact id: '3e4b0ce32913f939b2e4edf54297fd99') in 0.036693 seconds 
  Import took 0.043798 seconds .

========================================================================
Received Import Request.
  Time since last request: 0.000343 seconds.
  path: Assets/Materials/Face.mat
  artifactKey: Guid(b4d1dce3f41f9714fab9742354a789ef) Importer(815301076,1909f56bfc062723c751e8b465ee728b)
Start importing Assets/Materials/Face.mat using Guid(b4d1dce3f41f9714fab9742354a789ef) Importer(815301076,1909f56bfc062723c751e8b465ee728b)  -> (artifact id: 'da94f4aeef07539436fc75d9f4e319ef') in 0.036151 seconds 
  Import took 0.043984 seconds .

========================================================================
Received Import Request.
  Time since last request: 0.000335 seconds.
  path: Assets/Materials/Holder.mat
  artifactKey: Guid(d3bb1e52033e89040a01435692ae5e58) Importer(815301076,1909f56bfc062723c751e8b465ee728b)
Start importing Assets/Materials/Holder.mat using Guid(d3bb1e52033e89040a01435692ae5e58) Importer(815301076,1909f56bfc062723c751e8b465ee728b)  -> (artifact id: '0534c514adf86c2f54b2834ff2cd2369') in 0.035270 seconds 
  Import took 0.041604 seconds .

========================================================================
Received Import Request.
  Time since last request: 0.000571 seconds.
  path: Assets/Materials/Shield.mat
  artifactKey: Guid(1f481abbbcb2a0d498b3e748a4b41b35) Importer(815301076,1909f56bfc062723c751e8b465ee728b)
Start importing Assets/Materials/Shield.mat using Guid(1f481abbbcb2a0d498b3e748a4b41b35) Importer(815301076,1909f56bfc062723c751e8b465ee728b)  -> (artifact id: '37233f2d595c6fd826063bc4213cf2a2') in 0.031234 seconds 
  Import took 0.037800 seconds .

========================================================================
Received Import Request.
  Time since last request: 0.000294 seconds.
  path: Assets/Materials/Plane.mat
  artifactKey: Guid(e395940e68a9694448dd650a3dfd4830) Importer(815301076,1909f56bfc062723c751e8b465ee728b)
Start importing Assets/Materials/Plane.mat using Guid(e395940e68a9694448dd650a3dfd4830) Importer(815301076,1909f56bfc062723c751e8b465ee728b)  -> (artifact id: '23e6dd656ccd8fbcda1af5b6861f4759') in 0.032918 seconds 
  Import took 0.040496 seconds .

========================================================================
Received Import Request.
  Time since last request: 0.000326 seconds.
  path: Assets/Materials/Tunic.mat
  artifactKey: Guid(dc677046e6e2853408bb3deed44c383a) Importer(815301076,1909f56bfc062723c751e8b465ee728b)
Start importing Assets/Materials/Tunic.mat using Guid(dc677046e6e2853408bb3deed44c383a) Importer(815301076,1909f56bfc062723c751e8b465ee728b)  -> (artifact id: 'cbeab2a15fefddeeb95d18e6d21adc02') in 0.032936 seconds 
  Import took 0.039225 seconds .

========================================================================
Received Import Request.
  Time since last request: 211.987960 seconds.
  path: Assets/ExampleAssets/Textures/Props/Jigsaw/Jigsaw_MetallicOcculusionSmoothness.tif
  artifactKey: Guid(3017ed6fed9d3bb49ba99bf738e2d626) Importer(815301076,1909f56bfc062723c751e8b465ee728b)
Start importing Assets/ExampleAssets/Textures/Props/Jigsaw/Jigsaw_MetallicOcculusionSmoothness.tif using Guid(3017ed6fed9d3bb49ba99bf738e2d626) Importer(815301076,1909f56bfc062723c751e8b465ee728b)  -> (artifact id: 'c897cacf8311cf0ac86477642db90c30') in 0.035730 seconds 
  Import took 0.043753 seconds .

========================================================================
Received Import Request.
  Time since last request: 0.000457 seconds.
  path: Assets/ExampleAssets/Textures/Wood/OBS_Albedo.tif
  artifactKey: Guid(7140a9bc83a12ea49a081dda89216fff) Importer(815301076,1909f56bfc062723c751e8b465ee728b)
Start importing Assets/ExampleAssets/Textures/Wood/OBS_Albedo.tif using Guid(7140a9bc83a12ea49a081dda89216fff) Importer(815301076,1909f56bfc062723c751e8b465ee728b)  -> (artifact id: 'e28dd3ef6200fe139f28e59b57610b67') in 0.018339 seconds 
  Import took 0.025399 seconds .

========================================================================
Received Import Request.
  Time since last request: 0.000305 seconds.
  path: Assets/ExampleAssets/Textures/Wood/OBS_MetallicOcculusionSmoothness.tif
  artifactKey: Guid(22638a9216f1ebf4cb43273a00879f51) Importer(815301076,1909f56bfc062723c751e8b465ee728b)
Start importing Assets/ExampleAssets/Textures/Wood/OBS_MetallicOcculusionSmoothness.tif using Guid(22638a9216f1ebf4cb43273a00879f51) Importer(815301076,1909f56bfc062723c751e8b465ee728b)  -> (artifact id: '6f5e22549fe5c432bfb08d408e4a8608') in 0.018888 seconds 
  Import took 0.024701 seconds .

========================================================================
Received Import Request.
  Time since last request: 0.000353 seconds.
  path: Assets/ExampleAssets/Textures/Wood/OBS_Normal.tif
  artifactKey: Guid(fcce267dfc966b6408dc2ebe0cfb60ed) Importer(815301076,1909f56bfc062723c751e8b465ee728b)
Start importing Assets/ExampleAssets/Textures/Wood/OBS_Normal.tif using Guid(fcce267dfc966b6408dc2ebe0cfb60ed) Importer(815301076,1909f56bfc062723c751e8b465ee728b)  -> (artifact id: '2652586975030c87d32000391e26784a') in 0.022162 seconds 
  Import took 0.028175 seconds .

========================================================================
Received Import Request.
  Time since last request: 0.000316 seconds.
  path: Assets/ExampleAssets/Textures/Metal/Metal_MetallicSmoothness.tif
  artifactKey: Guid(40da0395b61db4448b98bab66d6b549c) Importer(815301076,1909f56bfc062723c751e8b465ee728b)
Start importing Assets/ExampleAssets/Textures/Metal/Metal_MetallicSmoothness.tif using Guid(40da0395b61db4448b98bab66d6b549c) Importer(815301076,1909f56bfc062723c751e8b465ee728b)  -> (artifact id: '4e81fa26bdee9feb69fc98217429bb48') in 0.013951 seconds 
  Import took 0.019581 seconds .

========================================================================
Received Import Request.
  Time since last request: 0.000299 seconds.
  path: Assets/ExampleAssets/Textures/Metal/Metal_Normal.tif
  artifactKey: Guid(3b0b7c1f4ac9f6b499e27cf84e722ff4) Importer(815301076,1909f56bfc062723c751e8b465ee728b)
Start importing Assets/ExampleAssets/Textures/Metal/Metal_Normal.tif using Guid(3b0b7c1f4ac9f6b499e27cf84e722ff4) Importer(815301076,1909f56bfc062723c751e8b465ee728b)  -> (artifact id: '0c4e6c99857cfa609e4eb4bf546c6cd8') in 0.015067 seconds 
  Import took 0.020972 seconds .

========================================================================
Received Import Request.
  Time since last request: 0.000319 seconds.
  path: Assets/ExampleAssets/Shaders/lr8vqqihni1p86k9pikz.jpg
  artifactKey: Guid(3223118b4e442d54fa94c59995f3ad35) Importer(815301076,1909f56bfc062723c751e8b465ee728b)
Start importing Assets/ExampleAssets/Shaders/lr8vqqihni1p86k9pikz.jpg using Guid(3223118b4e442d54fa94c59995f3ad35) Importer(815301076,1909f56bfc062723c751e8b465ee728b)  -> (artifact id: '6ea7230807e316d8e8f6d346ac85a7b9') in 0.021726 seconds 
  Import took 0.027727 seconds .

========================================================================
Received Import Request.
  Time since last request: 0.000406 seconds.
  path: Assets/ExampleAssets/Textures/Props/Jigsaw/Jigsaw_Normal.tif
  artifactKey: Guid(06969fc081d8cc146af6634f75abe652) Importer(815301076,1909f56bfc062723c751e8b465ee728b)
Start importing Assets/ExampleAssets/Textures/Props/Jigsaw/Jigsaw_Normal.tif using Guid(06969fc081d8cc146af6634f75abe652) Importer(815301076,1909f56bfc062723c751e8b465ee728b)  -> (artifact id: '77cce1b1da3ceaef17d90a5513f3032f') in 0.015598 seconds 
  Import took 0.021532 seconds .

========================================================================
Received Import Request.
  Time since last request: 0.000322 seconds.
  path: Assets/ExampleAssets/Textures/Metal/Metal_Albedo.tif
  artifactKey: Guid(77583f99dea53b641804bb357092ec83) Importer(815301076,1909f56bfc062723c751e8b465ee728b)
Start importing Assets/ExampleAssets/Textures/Metal/Metal_Albedo.tif using Guid(77583f99dea53b641804bb357092ec83) Importer(815301076,1909f56bfc062723c751e8b465ee728b)  -> (artifact id: '9255e0559d7d951abdf11e8eafd47d15') in 0.014817 seconds 
  Import took 0.020651 seconds .

========================================================================
Received Import Request.
  Time since last request: 29.578347 seconds.
  path: Assets/Shader/Dabs.shadersubgraph
  artifactKey: Guid(a86f5a33d7147e74797c431e42622c36) Importer(815301076,1909f56bfc062723c751e8b465ee728b)
Start importing Assets/Shader/Dabs.shadersubgraph using Guid(a86f5a33d7147e74797c431e42622c36) Importer(815301076,1909f56bfc062723c751e8b465ee728b)  -> (artifact id: 'c5ba8a7dd3e17790c7b953b5a6fcb039') in 0.008973 seconds 
  Import took 0.016037 seconds .

========================================================================
Received Import Request.
  Time since last request: 37.533817 seconds.
  path: Assets/Shader/DirectSpecular.shadersubgraph
  artifactKey: Guid(c2cf5522ffdb5124e82c125f4fe67f85) Importer(815301076,1909f56bfc062723c751e8b465ee728b)
Start importing Assets/Shader/DirectSpecular.shadersubgraph using Guid(c2cf5522ffdb5124e82c125f4fe67f85) Importer(815301076,1909f56bfc062723c751e8b465ee728b)  -> (artifact id: 'b613488629eed45a5bcb46508a9a9e56') in 0.003820 seconds 
  Import took 0.010153 seconds .

========================================================================
Received Import Request.
  Time since last request: 29.765793 seconds.
  path: Assets/Shader/Lambert.shadersubgraph
  artifactKey: Guid(d6ad1b11fa3a7a44fa6a0a1af62f2ac4) Importer(815301076,1909f56bfc062723c751e8b465ee728b)
Start importing Assets/Shader/Lambert.shadersubgraph using Guid(d6ad1b11fa3a7a44fa6a0a1af62f2ac4) Importer(815301076,1909f56bfc062723c751e8b465ee728b)  -> (artifact id: '04dde65d422429a35f6c532fee6d2f1c') in 0.003839 seconds 
  Import took 0.010606 seconds .

========================================================================
Received Import Request.
  Time since last request: 126.901443 seconds.
  path: Assets/Shader/Ramp.shadersubgraph
  artifactKey: Guid(6dacc8da3191d914eb4939a982d8b278) Importer(815301076,1909f56bfc062723c751e8b465ee728b)
Start importing Assets/Shader/Ramp.shadersubgraph using Guid(6dacc8da3191d914eb4939a982d8b278) Importer(815301076,1909f56bfc062723c751e8b465ee728b)  -> (artifact id: '3fbc77f9146e4e257d731483744c2ccc') in 0.004060 seconds 
  Import took 0.010212 seconds .

========================================================================
Received Import Request.
  Time since last request: 87.898657 seconds.
  path: Assets/Shader/SlideLight.shadersubgraph
  artifactKey: Guid(1738fcfae7e0e3a4ca261fb63847235b) Importer(815301076,1909f56bfc062723c751e8b465ee728b)
Start importing Assets/Shader/SlideLight.shadersubgraph using Guid(1738fcfae7e0e3a4ca261fb63847235b) Importer(815301076,1909f56bfc062723c751e8b465ee728b)  -> (artifact id: '66e94ec7e48e90060b962413d41b3767') in 0.003630 seconds 
  Import took 0.009499 seconds .

========================================================================
Received Import Request.
  Time since last request: 25.719244 seconds.
  path: Assets/ExampleAssets/Materials/ConstructionLight_Mat.mat
  artifactKey: Guid(49076442eeb7e054b8e8869f8b40656d) Importer(815301076,1909f56bfc062723c751e8b465ee728b)
Start importing Assets/ExampleAssets/Materials/ConstructionLight_Mat.mat using Guid(49076442eeb7e054b8e8869f8b40656d) Importer(815301076,1909f56bfc062723c751e8b465ee728b)  -> (artifact id: '057c629e9591e646e979d0fd0d9eba29') in 0.524646 seconds 
  Import took 0.530728 seconds .

========================================================================
Received Import Request.
  Time since last request: 0.000337 seconds.
  path: Assets/ExampleAssets/Materials/DryWall_Mat.mat
  artifactKey: Guid(a68228c24abfa2f4b8954d7b0148f799) Importer(815301076,1909f56bfc062723c751e8b465ee728b)
Start importing Assets/ExampleAssets/Materials/DryWall_Mat.mat using Guid(a68228c24abfa2f4b8954d7b0148f799) Importer(815301076,1909f56bfc062723c751e8b465ee728b)  -> (artifact id: '6b1d94bab502ca3021b8842519c6e122') in 0.572289 seconds 
  Import took 0.578010 seconds .

========================================================================
Received Import Request.
  Time since last request: 0.000297 seconds.
  path: Assets/ExampleAssets/Materials/Strap_Mat.mat
  artifactKey: Guid(81c1860e7800e5340bf8a54c565ba9ea) Importer(815301076,1909f56bfc062723c751e8b465ee728b)
Start importing Assets/ExampleAssets/Materials/Strap_Mat.mat using Guid(81c1860e7800e5340bf8a54c565ba9ea) Importer(815301076,1909f56bfc062723c751e8b465ee728b)  -> (artifact id: 'a542234631127ea0c107d7d268657760') in 0.406861 seconds 
  Import took 0.412454 seconds .

========================================================================
Received Import Request.
  Time since last request: 0.000388 seconds.
  path: Assets/ExampleAssets/Materials/Plastic_Rough_Mat.mat
  artifactKey: Guid(a5aaee4111611af43b5abbff184fe5fa) Importer(815301076,1909f56bfc062723c751e8b465ee728b)
Start importing Assets/ExampleAssets/Materials/Plastic_Rough_Mat.mat using Guid(a5aaee4111611af43b5abbff184fe5fa) Importer(815301076,1909f56bfc062723c751e8b465ee728b)  -> (artifact id: 'fe4d08b544b44bbbf01fdafd95ff430a') in 0.022609 seconds 
  Import took 0.028856 seconds .

========================================================================
Received Import Request.
  Time since last request: 0.000314 seconds.
  path: Assets/ExampleAssets/Materials/Ground_Mat.mat
  artifactKey: Guid(d92ef32394b5f474385d74b565a7bdd7) Importer(815301076,1909f56bfc062723c751e8b465ee728b)
Start importing Assets/ExampleAssets/Materials/Ground_Mat.mat using Guid(d92ef32394b5f474385d74b565a7bdd7) Importer(815301076,1909f56bfc062723c751e8b465ee728b)  -> (artifact id: '464ecfb875d680da63be4f88529f4394') in 0.021475 seconds 
  Import took 0.027785 seconds .

========================================================================
Received Import Request.
  Time since last request: 0.000289 seconds.
  path: Assets/ExampleAssets/Materials/Metal_Simple_Mat.mat
  artifactKey: Guid(a0427cf339e5891468d5f2b433b2d44a) Importer(815301076,1909f56bfc062723c751e8b465ee728b)
Start importing Assets/ExampleAssets/Materials/Metal_Simple_Mat.mat using Guid(a0427cf339e5891468d5f2b433b2d44a) Importer(815301076,1909f56bfc062723c751e8b465ee728b)  -> (artifact id: 'ed8fef95f5cf1ab691e96a9fc0590164') in 0.412214 seconds 
  Import took 0.418009 seconds .

========================================================================
Received Import Request.
  Time since last request: 0.000337 seconds.
  path: Assets/ExampleAssets/Materials/Plastic_Transparent.mat
  artifactKey: Guid(8a38b7350df9a9c438e568993a00e5c5) Importer(815301076,1909f56bfc062723c751e8b465ee728b)
Start importing Assets/ExampleAssets/Materials/Plastic_Transparent.mat using Guid(8a38b7350df9a9c438e568993a00e5c5) Importer(815301076,1909f56bfc062723c751e8b465ee728b)  -> (artifact id: 'aa88e47cc5ed2495feca365ac46df73c') in 0.354511 seconds 
  Import took 0.360212 seconds .

========================================================================
Received Import Request.
  Time since last request: 0.000323 seconds.
  path: Assets/ExampleAssets/Materials/Jigsaw_Mat.mat
  artifactKey: Guid(801db2d997a562b4ea333aa4593ce0f0) Importer(815301076,1909f56bfc062723c751e8b465ee728b)
Start importing Assets/ExampleAssets/Materials/Jigsaw_Mat.mat using Guid(801db2d997a562b4ea333aa4593ce0f0) Importer(815301076,1909f56bfc062723c751e8b465ee728b)  -> (artifact id: '8c2c3e8b482bfe7692597efc101f542e') in 0.020707 seconds 
  Import took 0.027158 seconds .

========================================================================
Received Import Request.
  Time since last request: 0.000340 seconds.
  path: Assets/ExampleAssets/Materials/Hammer_Mat.mat
  artifactKey: Guid(4efcffd7ae23f1e41943fd914b18da10) Importer(815301076,1909f56bfc062723c751e8b465ee728b)
Start importing Assets/ExampleAssets/Materials/Hammer_Mat.mat using Guid(4efcffd7ae23f1e41943fd914b18da10) Importer(815301076,1909f56bfc062723c751e8b465ee728b)  -> (artifact id: 'e35e9c0d8e130d6ff509af1a613494d7') in 0.022311 seconds 
  Import took 0.028458 seconds .

========================================================================
Received Import Request.
  Time since last request: 0.000273 seconds.
  path: Assets/ExampleAssets/Materials/Plastic_Yellow_Mat.mat
  artifactKey: Guid(bd2d742ee2ce7a740ae0cf992a38be74) Importer(815301076,1909f56bfc062723c751e8b465ee728b)
Start importing Assets/ExampleAssets/Materials/Plastic_Yellow_Mat.mat using Guid(bd2d742ee2ce7a740ae0cf992a38be74) Importer(815301076,1909f56bfc062723c751e8b465ee728b)  -> (artifact id: 'b4a82a5da02497828fc2c902b30e60d5') in 0.019871 seconds 
  Import took 0.025734 seconds .

========================================================================
Received Import Request.
  Time since last request: 0.000322 seconds.
  path: Assets/ExampleAssets/Materials/Plastic_Gray_Mat.mat
  artifactKey: Guid(4dad30bbe2213eb4d8312f7bb6190866) Importer(815301076,1909f56bfc062723c751e8b465ee728b)
Start importing Assets/ExampleAssets/Materials/Plastic_Gray_Mat.mat using Guid(4dad30bbe2213eb4d8312f7bb6190866) Importer(815301076,1909f56bfc062723c751e8b465ee728b)  -> (artifact id: '54ab71af590679b32677dc30ed226a51') in 0.021264 seconds 
  Import took 0.028032 seconds .

========================================================================
Received Import Request.
  Time since last request: 0.000327 seconds.
  path: Assets/ExampleAssets/Materials/PaintLabel_Mat.mat
  artifactKey: Guid(3da4aad06945bbf4baf801c2aacbc01e) Importer(815301076,1909f56bfc062723c751e8b465ee728b)
Start importing Assets/ExampleAssets/Materials/PaintLabel_Mat.mat using Guid(3da4aad06945bbf4baf801c2aacbc01e) Importer(815301076,1909f56bfc062723c751e8b465ee728b)  -> (artifact id: '8c36a7279f016c98e6c23d7bc391d33c') in 0.381323 seconds 
  Import took 0.386991 seconds .

========================================================================
Received Import Request.
  Time since last request: 0.000327 seconds.
  path: Assets/ExampleAssets/Materials/LightBulb_Mat.mat
  artifactKey: Guid(ec739259ec61f5d4ba3ed6d34fd802a6) Importer(815301076,1909f56bfc062723c751e8b465ee728b)
Start importing Assets/ExampleAssets/Materials/LightBulb_Mat.mat using Guid(ec739259ec61f5d4ba3ed6d34fd802a6) Importer(815301076,1909f56bfc062723c751e8b465ee728b)  -> (artifact id: '6ed9e64f0d16e62cbd185bf095894f5b') in 0.375945 seconds 
  Import took 0.381650 seconds .

========================================================================
Received Import Request.
  Time since last request: 0.000288 seconds.
  path: Assets/ExampleAssets/Materials/HardHat_Mat.mat
  artifactKey: Guid(e93789f0a5d66df4a81613935579642b) Importer(815301076,1909f56bfc062723c751e8b465ee728b)
Start importing Assets/ExampleAssets/Materials/HardHat_Mat.mat using Guid(e93789f0a5d66df4a81613935579642b) Importer(815301076,1909f56bfc062723c751e8b465ee728b)  -> (artifact id: 'f0451e8e4fc44c0c0ad06b480daab191') in 0.019897 seconds 
  Import took 0.026290 seconds .

========================================================================
Received Import Request.
  Time since last request: 0.000317 seconds.
  path: Assets/ExampleAssets/Materials/Plastic_Black_Mat.mat
  artifactKey: Guid(e745492728544aa488aa0429b6068e71) Importer(815301076,1909f56bfc062723c751e8b465ee728b)
Start importing Assets/ExampleAssets/Materials/Plastic_Black_Mat.mat using Guid(e745492728544aa488aa0429b6068e71) Importer(815301076,1909f56bfc062723c751e8b465ee728b)  -> (artifact id: '9ec41258e50d7b0724bce6a1b02e69ab') in 0.018458 seconds 
  Import took 0.024494 seconds .

========================================================================
Received Import Request.
  Time since last request: 0.000379 seconds.
  path: Assets/ExampleAssets/Materials/DryWallPainted_Mat.mat
  artifactKey: Guid(9b8eadc4de0544646b75ddcc43f8fd06) Importer(815301076,1909f56bfc062723c751e8b465ee728b)
Start importing Assets/ExampleAssets/Materials/DryWallPainted_Mat.mat using Guid(9b8eadc4de0544646b75ddcc43f8fd06) Importer(815301076,1909f56bfc062723c751e8b465ee728b)  -> (artifact id: 'e084f414280b96736064de24338bc225') in 0.020576 seconds 
  Import took 0.026898 seconds .

========================================================================
Received Import Request.
  Time since last request: 0.000334 seconds.
  path: Assets/ExampleAssets/Materials/Plastic_Ridges_Mat.mat
  artifactKey: Guid(c05de7c865075334786e6a47a543af72) Importer(815301076,1909f56bfc062723c751e8b465ee728b)
Start importing Assets/ExampleAssets/Materials/Plastic_Ridges_Mat.mat using Guid(c05de7c865075334786e6a47a543af72) Importer(815301076,1909f56bfc062723c751e8b465ee728b)  -> (artifact id: '867bca899d157f77d37634eafef9f1aa') in 0.021432 seconds 
  Import took 0.027558 seconds .

========================================================================
Received Import Request.
  Time since last request: 0.000416 seconds.
  path: Assets/ExampleAssets/Materials/Metal_Blue_Simple_Mat.mat
  artifactKey: Guid(cd71291c91c8cce499cb663b5db9970e) Importer(815301076,1909f56bfc062723c751e8b465ee728b)
Start importing Assets/ExampleAssets/Materials/Metal_Blue_Simple_Mat.mat using Guid(cd71291c91c8cce499cb663b5db9970e) Importer(815301076,1909f56bfc062723c751e8b465ee728b)  -> (artifact id: '91d0adbd293f6d73553ee1adc198f712') in 0.019100 seconds 
  Import took 0.025294 seconds .

========================================================================
Received Import Request.
  Time since last request: 0.000325 seconds.
  path: Assets/ExampleAssets/Materials/Paint1G_WAnim_Material.mat
  artifactKey: Guid(55c183dc45153be48a45c4e530127fb3) Importer(815301076,1909f56bfc062723c751e8b465ee728b)
Start importing Assets/ExampleAssets/Materials/Paint1G_WAnim_Material.mat using Guid(55c183dc45153be48a45c4e530127fb3) Importer(815301076,1909f56bfc062723c751e8b465ee728b)  -> (artifact id: '7b31a38aa84ec72b691f75649480a6fe') in 0.958035 seconds 
  Import took 0.964402 seconds .

========================================================================
Received Import Request.
  Time since last request: 0.000308 seconds.
  path: Assets/ExampleAssets/Materials/Plastic_White_Mat.mat
  artifactKey: Guid(6cfe423139c361a459da7ed9831d4b1c) Importer(815301076,1909f56bfc062723c751e8b465ee728b)
Start importing Assets/ExampleAssets/Materials/Plastic_White_Mat.mat using Guid(6cfe423139c361a459da7ed9831d4b1c) Importer(815301076,1909f56bfc062723c751e8b465ee728b)  -> (artifact id: '7270cf5fe7035eb4043b23a71cdca86e') in 0.021241 seconds 
  Import took 0.027424 seconds .

========================================================================
Received Import Request.
  Time since last request: 0.000436 seconds.
  path: Assets/ExampleAssets/Materials/Liquid_Mat.mat
  artifactKey: Guid(c532880e607f8c84d8b9bf0c46a522ad) Importer(815301076,1909f56bfc062723c751e8b465ee728b)
Start importing Assets/ExampleAssets/Materials/Liquid_Mat.mat using Guid(c532880e607f8c84d8b9bf0c46a522ad) Importer(815301076,1909f56bfc062723c751e8b465ee728b)  -> (artifact id: '3bf9985e948210718225141c8418d287') in 0.018162 seconds 
  Import took 0.024032 seconds .

========================================================================
Received Import Request.
  Time since last request: 0.000321 seconds.
  path: Assets/ExampleAssets/Materials/OBS_Mat.mat
  artifactKey: Guid(c438e5c679f1be040a135443008e2fce) Importer(815301076,1909f56bfc062723c751e8b465ee728b)
Start importing Assets/ExampleAssets/Materials/OBS_Mat.mat using Guid(c438e5c679f1be040a135443008e2fce) Importer(815301076,1909f56bfc062723c751e8b465ee728b)  -> (artifact id: 'efd04199af43445cb2cc288251b06194') in 0.028267 seconds 
  Import took 0.034614 seconds .

========================================================================
Received Import Request.
  Time since last request: 0.000305 seconds.
  path: Assets/ExampleAssets/Materials/PaintBrush_Mat.mat
  artifactKey: Guid(539165557a9d3744680bb21164bea45e) Importer(815301076,1909f56bfc062723c751e8b465ee728b)
Start importing Assets/ExampleAssets/Materials/PaintBrush_Mat.mat using Guid(539165557a9d3744680bb21164bea45e) Importer(815301076,1909f56bfc062723c751e8b465ee728b)  -> (artifact id: '94f8432233d9ceec849c9f270325d606') in 0.021757 seconds 
  Import took 0.027860 seconds .

========================================================================
Received Import Request.
  Time since last request: 0.000340 seconds.
  path: Assets/ExampleAssets/Materials/Stud_Mat.mat
  artifactKey: Guid(027cb3d3d7dc79d41ad763e01759de07) Importer(815301076,1909f56bfc062723c751e8b465ee728b)
Start importing Assets/ExampleAssets/Materials/Stud_Mat.mat using Guid(027cb3d3d7dc79d41ad763e01759de07) Importer(815301076,1909f56bfc062723c751e8b465ee728b)  -> (artifact id: '2fa2aecd2a25a8d8aaf6cdad1b5a242e') in 0.018429 seconds 
  Import took 0.024632 seconds .

AssetImportWorkerClient::OnTransportError - code=2 error=End of file
